c:\users\aleks\onedrive\desktop\resub\3d-object-rendering\direct3d\x64\debug\vc142.pdb
c:\users\aleks\onedrive\desktop\resub\3d-object-rendering\direct3d\x64\debug\vc142.idb
c:\users\aleks\onedrive\desktop\resub\3d-object-rendering\direct3d\x64\debug\main.obj
c:\users\aleks\onedrive\desktop\resub\3d-object-rendering\direct3d\x64\debug\window.obj
c:\users\aleks\onedrive\desktop\resub\3d-object-rendering\direct3d\x64\debug\wictextureloader.obj
c:\users\aleks\onedrive\desktop\resub\3d-object-rendering\direct3d\x64\debug\time.obj
c:\users\aleks\onedrive\desktop\resub\3d-object-rendering\direct3d\x64\debug\mesh.obj
c:\users\aleks\onedrive\desktop\resub\3d-object-rendering\direct3d\x64\debug\menuhandler.obj
c:\users\aleks\onedrive\desktop\resub\3d-object-rendering\direct3d\x64\debug\material.obj
c:\users\aleks\onedrive\desktop\resub\3d-object-rendering\direct3d\x64\debug\d3d.obj
c:\users\aleks\onedrive\desktop\resub\3d-object-rendering\direct3d\x64\debug\camera.obj
c:\users\aleks\onedrive\desktop\resub\3d-object-rendering\direct3d\x64\debug\appmanager.obj
c:\users\aleks\onedrive\desktop\resub\3d-object-rendering\direct3d\x64\debug\object.obj
c:\users\aleks\onedrive\desktop\resub\3d-object-rendering\direct3d\x64\debug\ddstextureloader.obj
c:\users\aleks\onedrive\desktop\resub\3d-object-rendering\direct3d\shaders\lambertianpixelshader.cso
c:\users\aleks\onedrive\desktop\resub\3d-object-rendering\direct3d\shaders\mattvertexshader.cso
c:\users\aleks\onedrive\desktop\resub\3d-object-rendering\direct3d\shaders\roughvertexshader.cso
c:\users\aleks\onedrive\desktop\resub\3d-object-rendering\direct3d\shaders\mattpixelshader.cso
c:\users\aleks\onedrive\desktop\resub\3d-object-rendering\direct3d\shaders\glossypixelshader.cso
c:\users\aleks\onedrive\desktop\resub\3d-object-rendering\direct3d\shaders\glossyvertexshader.cso
c:\users\aleks\onedrive\desktop\resub\3d-object-rendering\direct3d\shaders\roughpixelshader.cso
c:\users\aleks\onedrive\desktop\resub\3d-object-rendering\direct3d\direct3d.exe
c:\users\aleks\onedrive\desktop\resub\3d-object-rendering\direct3d\x64\debug\direct3d.ilk
c:\users\aleks\onedrive\desktop\resub\3d-object-rendering\direct3d\direct3d.pdb
c:\users\aleks\onedrive\desktop\resub\3d-object-rendering\direct3d\x64\debug\main.obj.enc
c:\users\aleks\onedrive\desktop\resub\3d-object-rendering\direct3d\x64\debug\nativecodeanalysis.read.1.tlog
c:\users\aleks\onedrive\desktop\resub\3d-object-rendering\direct3d\x64\debug\camera.nativecodeanalysis.xml
c:\users\aleks\onedrive\desktop\resub\3d-object-rendering\direct3d\x64\debug\d3d.nativecodeanalysis.xml
c:\users\aleks\onedrive\desktop\resub\3d-object-rendering\direct3d\x64\debug\main.nativecodeanalysis.xml
c:\users\aleks\onedrive\desktop\resub\3d-object-rendering\direct3d\x64\debug\material.nativecodeanalysis.xml
c:\users\aleks\onedrive\desktop\resub\3d-object-rendering\direct3d\x64\debug\menuhandler.nativecodeanalysis.xml
c:\users\aleks\onedrive\desktop\resub\3d-object-rendering\direct3d\x64\debug\mesh.nativecodeanalysis.xml
c:\users\aleks\onedrive\desktop\resub\3d-object-rendering\direct3d\x64\debug\time.nativecodeanalysis.xml
c:\users\aleks\onedrive\desktop\resub\3d-object-rendering\direct3d\x64\debug\vc.nativecodeanalysis.all.xml
c:\users\aleks\onedrive\desktop\resub\3d-object-rendering\direct3d\x64\debug\wictextureloader.nativecodeanalysis.xml
c:\users\aleks\onedrive\desktop\resub\3d-object-rendering\direct3d\x64\debug\window.nativecodeanalysis.xml
c:\users\aleks\onedrive\desktop\resub\3d-object-rendering\direct3d\x64\debug\direct3d.tlog\cl.command.1.tlog
c:\users\aleks\onedrive\desktop\resub\3d-object-rendering\direct3d\x64\debug\direct3d.tlog\cl.read.1.tlog
c:\users\aleks\onedrive\desktop\resub\3d-object-rendering\direct3d\x64\debug\direct3d.tlog\cl.write.1.tlog
c:\users\aleks\onedrive\desktop\resub\3d-object-rendering\direct3d\x64\debug\direct3d.tlog\fxc.command.1.tlog
c:\users\aleks\onedrive\desktop\resub\3d-object-rendering\direct3d\x64\debug\direct3d.tlog\fxc.read.1.tlog
c:\users\aleks\onedrive\desktop\resub\3d-object-rendering\direct3d\x64\debug\direct3d.tlog\fxc.write.1.tlog
c:\users\aleks\onedrive\desktop\resub\3d-object-rendering\direct3d\x64\debug\direct3d.tlog\link.command.1.tlog
c:\users\aleks\onedrive\desktop\resub\3d-object-rendering\direct3d\x64\debug\direct3d.tlog\link.read.1.tlog
c:\users\aleks\onedrive\desktop\resub\3d-object-rendering\direct3d\x64\debug\direct3d.tlog\link.write.1.tlog
